08:05:00 | Import starting
08:05:00 | File transferred to the temporary directory : b.csv
08:05:00 | File archived : b.csv
08:05:03 | Error, field required : Record 1 was ignored because the fields Title(Medical Provider Hong Kong) [copy] is null.
08:05:03 | Error, field required : Record 2 was ignored because the fields Title(Medical Provider Hong Kong) [copy] is null.
08:05:03 | Error, field required : Record 3 was ignored because the fields Title(Medical Provider Hong Kong) [copy] is null.
08:05:03 | Error, field required : Record 4 was ignored because the fields Title(Medical Provider Hong Kong) [copy] is null.
08:05:03 | Error, field required : Record 5 was ignored because the fields Title(Medical Provider Hong Kong) [copy] is null.
08:05:03 | Error, field required : Record 6 was ignored because the fields Title(Medical Provider Hong Kong) [copy] is null.
08:05:03 | Error, field required : Record 7 was ignored because the fields Title(Medical Provider Hong Kong) [copy] is null.
08:05:03 | Error, field required : Record 8 was ignored because the fields Title(Medical Provider Hong Kong) [copy] is null.
08:05:03 | Error, field required : Record 9 was ignored because the fields Title(Medical Provider Hong Kong) [copy] is null.
08:05:03 | Error, field required : Record 10 was ignored because the fields Title(Medical Provider Hong Kong) [copy] is null.
08:05:03 | Error, field required : Record 11 was ignored because the fields Title(Medical Provider Hong Kong) [copy] is null.
08:05:03 | Error, field required : Record 12 was ignored because the fields Title(Medical Provider Hong Kong) [copy] is null.
08:05:03 | Error, field required : Record 13 was ignored because the fields Title(Medical Provider Hong Kong) [copy] is null.
08:05:03 | Error, field required : Record 14 was ignored because the fields Title(Medical Provider Hong Kong) [copy] is null.
08:05:03 | Error, field required : Record 15 was ignored because the fields Title(Medical Provider Hong Kong) [copy] is null.
08:05:03 | Error, field required : Record 16 was ignored because the fields Title(Medical Provider Hong Kong) [copy] is null.
08:05:03 | Error, field required : Record 17 was ignored because the fields Title(Medical Provider Hong Kong) [copy] is null.
08:05:03 | Error, field required : Record 18 was ignored because the fields Title(Medical Provider Hong Kong) [copy] is null.
08:05:03 | Error, field required : Record 19 was ignored because the fields Title(Medical Provider Hong Kong) [copy] is null.
08:05:03 | Error, field required : Record 20 was ignored because the fields Title(Medical Provider Hong Kong) [copy] is null.
08:05:04 | Error, field required : Record 21 was ignored because the fields Title(Medical Provider Hong Kong) [copy] is null.
08:05:04 | Error, field required : Record 22 was ignored because the fields Title(Medical Provider Hong Kong) [copy] is null.
08:05:04 | Error, field required : Record 23 was ignored because the fields Title(Medical Provider Hong Kong) [copy] is null.
08:05:04 | Error, field required : Record 24 was ignored because the fields Title(Medical Provider Hong Kong) [copy] is null.
08:05:04 | Error, field required : Record 25 was ignored because the fields Title(Medical Provider Hong Kong) [copy] is null.
08:05:04 | Error, field required : Record 26 was ignored because the fields Title(Medical Provider Hong Kong) [copy] is null.
08:05:04 | Error, field required : Record 27 was ignored because the fields Title(Medical Provider Hong Kong) [copy] is null.
08:05:04 | Error, field required : Record 28 was ignored because the fields Title(Medical Provider Hong Kong) [copy] is null.
08:05:04 | Error, field required : Record 29 was ignored because the fields Title(Medical Provider Hong Kong) [copy] is null.
08:05:04 | Error, field required : Record 30 was ignored because the fields Title(Medical Provider Hong Kong) [copy] is null.
08:05:04 | Error, field required : Record 31 was ignored because the fields Title(Medical Provider Hong Kong) [copy] is null.
08:05:04 | Error, field required : Record 32 was ignored because the fields Title(Medical Provider Hong Kong) [copy] is null.
08:05:04 | Error, field required : Record 33 was ignored because the fields Title(Medical Provider Hong Kong) [copy] is null.
08:05:04 | Error, field required : Record 34 was ignored because the fields Title(Medical Provider Hong Kong) [copy] is null.
08:05:04 | Error, field required : Record 35 was ignored because the fields Title(Medical Provider Hong Kong) [copy] is null.
08:05:04 | Error, field required : Record 36 was ignored because the fields Title(Medical Provider Hong Kong) [copy] is null.
08:05:04 | Error, field required : Record 37 was ignored because the fields Title(Medical Provider Hong Kong) [copy] is null.
08:05:04 | Error, field required : Record 38 was ignored because the fields Title(Medical Provider Hong Kong) [copy] is null.
08:05:04 | Error, field required : Record 39 was ignored because the fields Title(Medical Provider Hong Kong) [copy] is null.
08:05:04 | Error, field required : Record 40 was ignored because the fields Title(Medical Provider Hong Kong) [copy] is null.
08:05:05 | Error, field required : Record 41 was ignored because the fields Title(Medical Provider Hong Kong) [copy] is null.
08:05:05 | Error, field required : Record 42 was ignored because the fields Title(Medical Provider Hong Kong) [copy] is null.
08:05:05 | Error, field required : Record 43 was ignored because the fields Title(Medical Provider Hong Kong) [copy] is null.
08:05:05 | Error, field required : Record 44 was ignored because the fields Title(Medical Provider Hong Kong) [copy] is null.
08:05:05 | Error, field required : Record 45 was ignored because the fields Title(Medical Provider Hong Kong) [copy] is null.
08:05:05 | Error, field required : Record 46 was ignored because the fields Title(Medical Provider Hong Kong) [copy] is null.
08:05:05 | Error, field required : Record 47 was ignored because the fields Title(Medical Provider Hong Kong) [copy] is null.
08:05:05 | Error, field required : Record 48 was ignored because the fields Title(Medical Provider Hong Kong) [copy] is null.
08:05:05 | Error, field required : Record 49 was ignored because the fields Title(Medical Provider Hong Kong) [copy] is null.
08:05:05 | Error, field required : Record 50 was ignored because the fields Title(Medical Provider Hong Kong) [copy] is null.
08:05:05 | Error, field required : Record 51 was ignored because the fields Title(Medical Provider Hong Kong) [copy] is null.
08:05:05 | Error, field required : Record 52 was ignored because the fields Title(Medical Provider Hong Kong) [copy] is null.
08:05:05 | Error, field required : Record 53 was ignored because the fields Title(Medical Provider Hong Kong) [copy] is null.
08:05:05 | Error, field required : Record 54 was ignored because the fields Title(Medical Provider Hong Kong) [copy] is null.
08:05:05 | Error, field required : Record 55 was ignored because the fields Title(Medical Provider Hong Kong) [copy] is null.
08:05:05 | Error, field required : Record 56 was ignored because the fields Title(Medical Provider Hong Kong) [copy] is null.
08:05:05 | Error, field required : Record 57 was ignored because the fields Title(Medical Provider Hong Kong) [copy] is null.
08:05:05 | Error, field required : Record 58 was ignored because the fields Title(Medical Provider Hong Kong) [copy] is null.
08:05:05 | Error, field required : Record 59 was ignored because the fields Title(Medical Provider Hong Kong) [copy] is null.
08:05:05 | Error, field required : Record 60 was ignored because the fields Title(Medical Provider Hong Kong) [copy] is null.
08:05:05 | Error, field required : Record 61 was ignored because the fields Title(Medical Provider Hong Kong) [copy] is null.
08:05:05 | Error, field required : Record 62 was ignored because the fields Title(Medical Provider Hong Kong) [copy] is null.
08:05:05 | Error, field required : Record 63 was ignored because the fields Title(Medical Provider Hong Kong) [copy] is null.
08:05:05 | Error, field required : Record 64 was ignored because the fields Title(Medical Provider Hong Kong) [copy] is null.
08:05:05 | Error, field required : Record 65 was ignored because the fields Title(Medical Provider Hong Kong) [copy] is null.
08:05:05 | Error, field required : Record 66 was ignored because the fields Title(Medical Provider Hong Kong) [copy] is null.
08:05:05 | Error, field required : Record 67 was ignored because the fields Title(Medical Provider Hong Kong) [copy] is null.
08:05:05 | Error, field required : Record 68 was ignored because the fields Title(Medical Provider Hong Kong) [copy] is null.
08:05:05 | Error, field required : Record 69 was ignored because the fields Title(Medical Provider Hong Kong) [copy] is null.
08:05:05 | Error, field required : Record 70 was ignored because the fields Title(Medical Provider Hong Kong) [copy] is null.
08:05:05 | Error, field required : Record 71 was ignored because the fields Title(Medical Provider Hong Kong) [copy] is null.
08:05:05 | Error, field required : Record 72 was ignored because the fields Title(Medical Provider Hong Kong) [copy] is null.
08:05:05 | Error, field required : Record 73 was ignored because the fields Title(Medical Provider Hong Kong) [copy] is null.
08:05:05 | Error, field required : Record 74 was ignored because the fields Title(Medical Provider Hong Kong) [copy] is null.
08:05:05 | Error, field required : Record 75 was ignored because the fields Title(Medical Provider Hong Kong) [copy] is null.
08:05:05 | Error, field required : Record 76 was ignored because the fields Title(Medical Provider Hong Kong) [copy] is null.
08:05:05 | Error, field required : Record 77 was ignored because the fields Title(Medical Provider Hong Kong) [copy] is null.
08:05:05 | Error, field required : Record 78 was ignored because the fields Title(Medical Provider Hong Kong) [copy] is null.
08:05:05 | Error, field required : Record 79 was ignored because the fields Title(Medical Provider Hong Kong) [copy] is null.
08:05:05 | Error, field required : Record 80 was ignored because the fields Title(Medical Provider Hong Kong) [copy] is null.
08:05:06 | Error, field required : Record 81 was ignored because the fields Title(Medical Provider Hong Kong) [copy] is null.
08:05:06 | Error, field required : Record 82 was ignored because the fields Title(Medical Provider Hong Kong) [copy] is null.
08:05:06 | Error, field required : Record 83 was ignored because the fields Title(Medical Provider Hong Kong) [copy] is null.
08:05:06 | Error, field required : Record 84 was ignored because the fields Title(Medical Provider Hong Kong) [copy] is null.
08:05:06 | Error, field required : Record 85 was ignored because the fields Title(Medical Provider Hong Kong) [copy] is null.
08:05:06 | Error, field required : Record 86 was ignored because the fields Title(Medical Provider Hong Kong) [copy] is null.
08:05:06 | Error, field required : Record 87 was ignored because the fields Title(Medical Provider Hong Kong) [copy] is null.
08:05:06 | Error, field required : Record 88 was ignored because the fields Title(Medical Provider Hong Kong) [copy] is null.
08:05:06 | Error, field required : Record 89 was ignored because the fields Title(Medical Provider Hong Kong) [copy] is null.
08:05:06 | Error, field required : Record 90 was ignored because the fields Title(Medical Provider Hong Kong) [copy] is null.
08:05:06 | Error, field required : Record 91 was ignored because the fields Title(Medical Provider Hong Kong) [copy] is null.
08:05:06 | Error, field required : Record 92 was ignored because the fields Title(Medical Provider Hong Kong) [copy] is null.
08:05:06 | Error, field required : Record 93 was ignored because the fields Title(Medical Provider Hong Kong) [copy] is null.
08:05:06 | Error, field required : Record 94 was ignored because the fields Title(Medical Provider Hong Kong) [copy] is null.
08:05:06 | Error, field required : Record 95 was ignored because the fields Title(Medical Provider Hong Kong) [copy] is null.
08:05:06 | Error, field required : Record 96 was ignored because the fields Title(Medical Provider Hong Kong) [copy] is null.
08:05:06 | Error, field required : Record 97 was ignored because the fields Title(Medical Provider Hong Kong) [copy] is null.
08:05:06 | Error, field required : Record 98 was ignored because the fields Title(Medical Provider Hong Kong) [copy] is null.
08:05:06 | Error, field required : Record 99 was ignored because the fields Title(Medical Provider Hong Kong) [copy] is null.
08:05:06 | Error, field required : Record 100 was ignored because the fields Title(Medical Provider Hong Kong) [copy] is null.
08:05:07 | Error, field required : Record 101 was ignored because the fields Title(Medical Provider Hong Kong) [copy] is null.
08:05:07 | Error, field required : Record 102 was ignored because the fields Title(Medical Provider Hong Kong) [copy] is null.
08:05:07 | Error, field required : Record 103 was ignored because the fields Title(Medical Provider Hong Kong) [copy] is null.
08:05:07 | Error, field required : Record 104 was ignored because the fields Title(Medical Provider Hong Kong) [copy] is null.
08:05:07 | Error, field required : Record 105 was ignored because the fields Title(Medical Provider Hong Kong) [copy] is null.
08:05:07 | Error, field required : Record 106 was ignored because the fields Title(Medical Provider Hong Kong) [copy] is null.
08:05:07 | Error, field required : Record 107 was ignored because the fields Title(Medical Provider Hong Kong) [copy] is null.
08:05:07 | Error, field required : Record 108 was ignored because the fields Title(Medical Provider Hong Kong) [copy] is null.
08:05:07 | Error, field required : Record 109 was ignored because the fields Title(Medical Provider Hong Kong) [copy] is null.
08:05:07 | Error, field required : Record 110 was ignored because the fields Title(Medical Provider Hong Kong) [copy] is null.
08:05:07 | Error, field required : Record 111 was ignored because the fields Title(Medical Provider Hong Kong) [copy] is null.
08:05:07 | No data to import
